[2022-12-07 14:21:22,461] multiqc                                            [DEBUG  ]  This is MultiQC v1.13 (92e3ea0)
[2022-12-07 14:21:22,461] multiqc                                            [DEBUG  ]  Command used: /opt/homebrew/bin/multiqc .
[2022-12-07 14:21:23,321] multiqc                                            [DEBUG  ]  Latest MultiQC version is v1.13
[2022-12-07 14:21:23,322] multiqc                                            [DEBUG  ]  Working dir : /Users/simongrimm/Documents/mit/stats/illumina_pilot/fastqc_analyses/fastqc_compressed_reports
[2022-12-07 14:21:23,322] multiqc                                            [DEBUG  ]  Template    : default
[2022-12-07 14:21:23,322] multiqc                                            [DEBUG  ]  Running Python 3.10.8 (main, Oct 13 2022, 09:48:40) [Clang 14.0.0 (clang-1400.0.29.102)]
[2022-12-07 14:21:23,322] multiqc                                            [DEBUG  ]  Analysing modules: custom_content, ccs, ngsderive, purple, conpair, lima, peddy, somalier, methylQA, mosdepth, phantompeakqualtools, qualimap, preseq, quast, qorts, rna_seqc, rockhopper, rsem, rseqc, busco, bustools, goleft_indexcov, gffcompare, disambiguate, supernova, deeptools, sargasso, verifybamid, mirtrace, happy, mirtop, sambamba, homer, hops, macs2, theta2, snpeff, gatk, htseq, bcftools, featureCounts, fgbio, dragen, dedup, pbmarkdup, damageprofiler, biobambam2, jcvi, mtnucratio, picard, vep, sentieon, prokka, qc3C, nanostat, samblaster, samtools, sexdeterrmine, eigenstratdatabasetools, bamtools, jellyfish, vcftools, longranger, stacks, varscan2, snippy, bbmap, bismark, biscuit, hicexplorer, hicup, hicpro, salmon, kallisto, slamdunk, star, hisat2, tophat, bowtie2, bowtie1, snpsplit, odgi, pangolin, kat, leehom, adapterRemoval, clipandmerge, cutadapt, flexbar, kaiju, kraken, malt, trimmomatic, sickle, skewer, sortmerna, biobloomtools, fastq_screen, afterqc, fastp, fastqc, pychopper, pycoqc, minionqc, multivcfanalyzer, clusterflow, checkqc, bcl2fastq, bclconvert, interop, ivar, flash, seqyclean, optitype, whatshap
[2022-12-07 14:21:23,323] multiqc                                            [DEBUG  ]  Using temporary directory for creating report: /var/folders/gm/txqg8t5d57z34sqfjcvpcjj00000gn/T/tmp86eapmin
[2022-12-07 14:21:23,418] multiqc                                            [INFO   ]  Search path : /Users/simongrimm/Documents/mit/stats/illumina_pilot/fastqc_analyses/fastqc_compressed_reports
[2022-12-07 14:21:24,299] multiqc                                            [DEBUG  ]  Summary of files that were skipped by the search: [skipped_module_specific_max_filesize: 214] // [skipped_no_match: 38]
[2022-12-07 14:21:24,515] multiqc.plots.bargraph                             [DEBUG  ]  Using matplotlib version 3.6.2
[2022-12-07 14:21:24,515] multiqc.plots.linegraph                            [DEBUG  ]  Using matplotlib version 3.6.2
[2022-12-07 14:21:24,516] multiqc                                            [DEBUG  ]  No samples found: custom_content
[2022-12-07 14:21:24,633] multiqc.modules.fastqc.fastqc                      [INFO   ]  Found 38 reports
[2022-12-07 14:21:24,634] multiqc.modules.fastqc.fastqc                      [WARNING]  Sample had zero reads: '221014Esv_D22-10174_R2'
[2022-12-07 14:21:24,634] multiqc.modules.fastqc.fastqc                      [WARNING]  Sample had zero reads: '221014Esv_D22-10171_R1'
[2022-12-07 14:21:24,634] multiqc.modules.fastqc.fastqc                      [WARNING]  Sample had zero reads: '221014Esv_D22-10177_R2'
[2022-12-07 14:21:24,634] multiqc.modules.fastqc.fastqc                      [WARNING]  Sample had zero reads: '221014Esv_D22-10173_R2'
[2022-12-07 14:21:24,634] multiqc.modules.fastqc.fastqc                      [WARNING]  Sample had zero reads: '221014Esv_D22-10179_R2'
[2022-12-07 14:21:24,634] multiqc.modules.fastqc.fastqc                      [WARNING]  Sample had zero reads: '221014Esv_D22-10178_R1'
[2022-12-07 14:21:24,634] multiqc.modules.fastqc.fastqc                      [WARNING]  Sample had zero reads: '221014Esv_D22-10169_R2'
[2022-12-07 14:21:24,634] multiqc.modules.fastqc.fastqc                      [WARNING]  Sample had zero reads: '221014Esv_D22-10169_R1'
[2022-12-07 14:21:24,634] multiqc.modules.fastqc.fastqc                      [WARNING]  Sample had zero reads: '221014Esv_D22-10179_R1'
[2022-12-07 14:21:24,635] multiqc.modules.fastqc.fastqc                      [WARNING]  Sample had zero reads: '221014Esv_D22-10178_R2'
[2022-12-07 14:21:24,635] multiqc.modules.fastqc.fastqc                      [WARNING]  Sample had zero reads: '221014Esv_D22-10173_R1'
[2022-12-07 14:21:24,635] multiqc.modules.fastqc.fastqc                      [WARNING]  Sample had zero reads: '221014Esv_D22-10177_R1'
[2022-12-07 14:21:24,635] multiqc.modules.fastqc.fastqc                      [WARNING]  Sample had zero reads: '221014Esv_D22-10171_R2'
[2022-12-07 14:21:24,635] multiqc.modules.fastqc.fastqc                      [WARNING]  Sample had zero reads: '221014Esv_D22-10174_R1'
[2022-12-07 14:21:24,832] multiqc                                            [INFO   ]  Compressing plot data
[2022-12-07 14:21:25,022] multiqc                                            [INFO   ]  Report      : multiqc_report.html
[2022-12-07 14:21:25,022] multiqc                                            [INFO   ]  Data        : multiqc_data
[2022-12-07 14:21:25,022] multiqc                                            [DEBUG  ]  Moving data file from '/var/folders/gm/txqg8t5d57z34sqfjcvpcjj00000gn/T/tmp86eapmin/multiqc_data' to '/Users/simongrimm/Documents/mit/stats/illumina_pilot/fastqc_analyses/fastqc_compressed_reports/multiqc_data'
[2022-12-07 14:21:25,072] multiqc                                            [INFO   ]  MultiQC complete
